0 info it worked if it ends with ok
1 verbose cli [ '/usr/local/bin/node',
1 verbose cli   '/usr/local/bin/npm',
1 verbose cli   'install',
1 verbose cli   'wp-api',
1 verbose cli   '--save-dev' ]
2 info using npm@2.14.7
3 info using node@v4.2.3
4 verbose install initial load of /Users/aaron/Dropbox/repos/ui/pm/package.json
5 verbose installManyTop reading scoped package data from /Users/aaron/Dropbox/repos/ui/pm/node_modules/babel-core/package.json
6 verbose installManyTop reading scoped package data from /Users/aaron/Dropbox/repos/ui/pm/node_modules/babel-loader/package.json
7 verbose installManyTop reading scoped package data from /Users/aaron/Dropbox/repos/ui/pm/node_modules/babel-polyfill/package.json
8 verbose installManyTop reading scoped package data from /Users/aaron/Dropbox/repos/ui/pm/node_modules/babel-preset-es2015/package.json
9 verbose installManyTop reading scoped package data from /Users/aaron/Dropbox/repos/ui/pm/node_modules/backbone/package.json
10 verbose installManyTop reading scoped package data from /Users/aaron/Dropbox/repos/ui/pm/node_modules/bootstrap/package.json
11 verbose installManyTop reading scoped package data from /Users/aaron/Dropbox/repos/ui/pm/node_modules/bootstrap-webpack/package.json
12 verbose installManyTop reading scoped package data from /Users/aaron/Dropbox/repos/ui/pm/node_modules/css-loader/package.json
13 verbose installManyTop reading scoped package data from /Users/aaron/Dropbox/repos/ui/pm/node_modules/exports-loader/package.json
14 verbose installManyTop reading scoped package data from /Users/aaron/Dropbox/repos/ui/pm/node_modules/expose-loader/package.json
15 verbose installManyTop reading scoped package data from /Users/aaron/Dropbox/repos/ui/pm/node_modules/extract-text-webpack-plugin/package.json
16 verbose installManyTop reading scoped package data from /Users/aaron/Dropbox/repos/ui/pm/node_modules/fastclick/package.json
17 verbose installManyTop reading scoped package data from /Users/aaron/Dropbox/repos/ui/pm/node_modules/file-loader/package.json
18 verbose installManyTop reading scoped package data from /Users/aaron/Dropbox/repos/ui/pm/node_modules/font-awesome/package.json
19 verbose installManyTop reading scoped package data from /Users/aaron/Dropbox/repos/ui/pm/node_modules/font-awesome-webpack/package.json
20 verbose installManyTop reading scoped package data from /Users/aaron/Dropbox/repos/ui/pm/node_modules/imports-loader/package.json
21 verbose installManyTop reading scoped package data from /Users/aaron/Dropbox/repos/ui/pm/node_modules/jquery/package.json
22 verbose installManyTop reading scoped package data from /Users/aaron/Dropbox/repos/ui/pm/node_modules/json-loader/package.json
23 verbose installManyTop reading scoped package data from /Users/aaron/Dropbox/repos/ui/pm/node_modules/less/package.json
24 verbose installManyTop reading scoped package data from /Users/aaron/Dropbox/repos/ui/pm/node_modules/less-loader/package.json
25 verbose installManyTop reading scoped package data from /Users/aaron/Dropbox/repos/ui/pm/node_modules/markdown-loader/package.json
26 verbose installManyTop reading scoped package data from /Users/aaron/Dropbox/repos/ui/pm/node_modules/rivets/package.json
27 verbose installManyTop reading scoped package data from /Users/aaron/Dropbox/repos/ui/pm/node_modules/slideout/package.json
28 verbose installManyTop reading scoped package data from /Users/aaron/Dropbox/repos/ui/pm/node_modules/style-loader/package.json
29 verbose installManyTop reading scoped package data from /Users/aaron/Dropbox/repos/ui/pm/node_modules/text-loader/package.json
30 verbose installManyTop reading scoped package data from /Users/aaron/Dropbox/repos/ui/pm/node_modules/underscore/package.json
31 verbose installManyTop reading scoped package data from /Users/aaron/Dropbox/repos/ui/pm/node_modules/url-loader/package.json
32 verbose installManyTop reading scoped package data from /Users/aaron/Dropbox/repos/ui/pm/node_modules/webpack/package.json
33 verbose installManyTop reading scoped package data from /Users/aaron/Dropbox/repos/ui/pm/node_modules/webpack-dev-server/package.json
34 info package.json babel-polyfill@6.9.1 No description
35 verbose readDependencies loading dependencies from /Users/aaron/Dropbox/repos/ui/pm/package.json
36 silly cache add args [ 'wp-api', null ]
37 verbose cache add spec wp-api
38 silly cache add parsed spec Result {
38 silly cache add   raw: 'wp-api',
38 silly cache add   scope: null,
38 silly cache add   name: 'wp-api',
38 silly cache add   rawSpec: '',
38 silly cache add   spec: '*',
38 silly cache add   type: 'range' }
39 silly addNamed wp-api@*
40 verbose addNamed "*" is a valid semver range for wp-api
41 silly addNameRange { name: 'wp-api', range: '*', hasData: false }
42 silly mapToRegistry name wp-api
43 silly mapToRegistry using default registry
44 silly mapToRegistry registry https://registry.npmjs.org/
45 silly mapToRegistry uri https://registry.npmjs.org/wp-api
46 verbose addNameRange registry:https://registry.npmjs.org/wp-api not in flight; fetching
47 verbose request uri https://registry.npmjs.org/wp-api
48 verbose request no auth needed
49 info attempt registry request try #1 at 12:27:31 PM
50 verbose request id dcdd04877ec7667d
51 http request GET https://registry.npmjs.org/wp-api
52 http 404 https://registry.npmjs.org/wp-api
53 verbose headers { 'content-type': 'application/json',
53 verbose headers   'cache-control': 'max-age=0',
53 verbose headers   'content-length': '2',
53 verbose headers   'accept-ranges': 'bytes',
53 verbose headers   date: 'Sat, 02 Jul 2016 16:27:32 GMT',
53 verbose headers   via: '1.1 varnish',
53 verbose headers   age: '0',
53 verbose headers   connection: 'keep-alive',
53 verbose headers   'x-served-by': 'cache-iad2647-IAD',
53 verbose headers   'x-cache': 'MISS',
53 verbose headers   'x-cache-hits': '0',
53 verbose headers   'x-timer': 'S1467476852.051581,VS0,VE401',
53 verbose headers   vary: 'Accept-Encoding' }
54 silly get cb [ 404,
54 silly get   { 'content-type': 'application/json',
54 silly get     'cache-control': 'max-age=0',
54 silly get     'content-length': '2',
54 silly get     'accept-ranges': 'bytes',
54 silly get     date: 'Sat, 02 Jul 2016 16:27:32 GMT',
54 silly get     via: '1.1 varnish',
54 silly get     age: '0',
54 silly get     connection: 'keep-alive',
54 silly get     'x-served-by': 'cache-iad2647-IAD',
54 silly get     'x-cache': 'MISS',
54 silly get     'x-cache-hits': '0',
54 silly get     'x-timer': 'S1467476852.051581,VS0,VE401',
54 silly get     vary: 'Accept-Encoding' } ]
55 verbose stack Error: Registry returned 404 for GET on https://registry.npmjs.org/wp-api
55 verbose stack     at makeError (/usr/local/lib/node_modules/npm/node_modules/npm-registry-client/lib/request.js:264:12)
55 verbose stack     at CachingRegistryClient.<anonymous> (/usr/local/lib/node_modules/npm/node_modules/npm-registry-client/lib/request.js:242:14)
55 verbose stack     at Request._callback (/usr/local/lib/node_modules/npm/node_modules/npm-registry-client/lib/request.js:172:14)
55 verbose stack     at Request.self.callback (/usr/local/lib/node_modules/npm/node_modules/request/request.js:198:22)
55 verbose stack     at emitTwo (events.js:87:13)
55 verbose stack     at Request.emit (events.js:172:7)
55 verbose stack     at Request.<anonymous> (/usr/local/lib/node_modules/npm/node_modules/request/request.js:1063:14)
55 verbose stack     at emitOne (events.js:82:20)
55 verbose stack     at Request.emit (events.js:169:7)
55 verbose stack     at IncomingMessage.<anonymous> (/usr/local/lib/node_modules/npm/node_modules/request/request.js:1009:12)
56 verbose statusCode 404
57 verbose pkgid wp-api
58 verbose cwd /Users/aaron/Dropbox/repos/ui/pm
59 error Darwin 14.5.0
60 error argv "/usr/local/bin/node" "/usr/local/bin/npm" "install" "wp-api" "--save-dev"
61 error node v4.2.3
62 error npm  v2.14.7
63 error code E404
64 error 404 Registry returned 404 for GET on https://registry.npmjs.org/wp-api
64 error 404
64 error 404 'wp-api' is not in the npm registry.
64 error 404 You should bug the author to publish it (or use the name yourself!)
64 error 404 It was specified as a dependency of 'pm'
64 error 404
64 error 404 Note that you can also install from a
64 error 404 tarball, folder, http url, or git url.
65 verbose exit [ 1, true ]
